<?xml version="1.0" encoding="UTF-8"?>
<testsuites tests="3" failures="1" errors="1" skipped="0">
  <testsuite name="BackstopJS" tests="3" failures="1" errors="1" skipped="0">
    <testcase classname="document" name=" ›› Charts Gallery - Bar Chart Time Based"/>
    <testcase classname="document" name=" ›› Charts Gallery - Bar Chart Time Based">
      <failure message="Design deviation ›› Charts Gallery - Bar Chart Time Based (document) component"/>
      <error message="Design deviation ›› Charts Gallery - Bar Chart Time Based (document) component"/>
    </testcase>
    <testcase classname="document" name=" ›› Charts Gallery - Bar Chart Time Based"/>
  </testsuite>
</testsuites>